# JRE version: OpenJDK Runtime Environment Temurin-17.0.8+7 (17.0.8+7) (build 17.0.8+7)
# Java VM: OpenJDK 64-Bit Server VM Temurin-17.0.8+7 (17.0.8+7, mixed mode, sharing, tiered, compressed oops, compressed class ptrs, g1 gc, windows-amd64)
GC Precious Log:
 CPUs: 4 total, 4 available
 Memory: 6091M
 Large Page Support: Disabled
 NUMA Support: Disabled
 Compressed Oops: Enabled (32-bit)
 Heap Region Size: 1M
 Heap Min Capacity: 8M
 Heap Initial Capacity: 96M
 Heap Max Capacity: 1524M
 Pre-touch: Disabled
 Parallel Workers: 4
 Concurrent Workers: 1
 Concurrent Refinement Workers: 4
 Periodic GC: Disabled
Heap:
 garbage-first heap   total 372736K, used 160662K [0x00000000a0c00000, 0x0000000100000000)
  region size 1024K, 3 young (3072K), 3 survivors (3072K)
 Metaspace       used 34973K, committed 35520K, reserved 1114112K
  class space    used 4094K, committed 4352K, reserved 1048576K
GC Heap History (20 events):
Event: 27.741 GC heap after
{Heap after GC invocations=27 (full 0):
 garbage-first heap   total 358400K, used 139776K [0x00000000a0c00000, 0x0000000100000000)
  region size 1024K, 2 young (2048K), 2 survivors (2048K)
 Metaspace       used 23525K, committed 23936K, reserved 1114112K
  class space    used 2559K, committed 2752K, reserved 1048576K
}
Event: 28.895 GC heap before
{Heap before GC invocations=27 (full 0):
 garbage-first heap   total 358400K, used 249344K [0x00000000a0c00000, 0x0000000100000000)
  region size 1024K, 109 young (111616K), 2 survivors (2048K)
 Metaspace       used 23561K, committed 23936K, reserved 1114112K
  class space    used 2560K, committed 2752K, reserved 1048576K
}
Event: 28.918 GC heap after
{Heap after GC invocations=28 (full 0):
 garbage-first heap   total 358400K, used 157696K [0x00000000a0c00000, 0x0000000100000000)
  region size 1024K, 14 young (14336K), 14 survivors (14336K)
 Metaspace       used 23561K, committed 23936K, reserved 1114112K
  class space    used 2560K, committed 2752K, reserved 1048576K
}
Event: 31.118 GC heap before
{Heap before GC invocations=28 (full 0):
 garbage-first heap   total 358400K, used 260096K [0x00000000a0c00000, 0x0000000100000000)
  region size 1024K, 112 young (114688K), 14 survivors (14336K)
 Metaspace       used 23616K, committed 24000K, reserved 1114112K
  class space    used 2561K, committed 2752K, reserved 1048576K
}
Event: 31.151 GC heap after
{Heap after GC invocations=29 (full 0):
 garbage-first heap   total 358400K, used 181680K [0x00000000a0c00000, 0x0000000100000000)
  region size 1024K, 14 young (14336K), 14 survivors (14336K)
 Metaspace       used 23616K, committed 24000K, reserved 1114112K
  class space    used 2561K, committed 2752K, reserved 1048576K
}
Event: 31.726 GC heap before
{Heap before GC invocations=29 (full 0):
 garbage-first heap   total 358400K, used 266672K [0x00000000a0c00000, 0x0000000100000000)
  region size 1024K, 97 young (99328K), 14 survivors (14336K)
 Metaspace       used 23631K, committed 24000K, reserved 1114112K
  class space    used 2562K, committed 2752K, reserved 1048576K
}
Event: 31.783 GC heap after
{Heap after GC invocations=30 (full 0):
 garbage-first heap   total 358400K, used 203264K [0x00000000a0c00000, 0x0000000100000000)
  region size 1024K, 13 young (13312K), 13 survivors (13312K)
 Metaspace       used 23631K, committed 24000K, reserved 1114112K
  class space    used 2562K, committed 2752K, reserved 1048576K
}
Event: 32.413 GC heap before
{Heap before GC invocations=30 (full 0):
 garbage-first heap   total 358400K, used 273920K [0x00000000a0c00000, 0x0000000100000000)
  region size 1024K, 82 young (83968K), 13 survivors (13312K)
 Metaspace       used 23649K, committed 24000K, reserved 1114112K
  class space    used 2562K, committed 2752K, reserved 1048576K
}
Event: 32.442 GC heap after
{Heap after GC invocations=31 (full 0):
 garbage-first heap   total 358400K, used 216064K [0x00000000a0c00000, 0x0000000100000000)
  region size 1024K, 11 young (11264K), 11 survivors (11264K)
 Metaspace       used 23649K, committed 24000K, reserved 1114112K
  class space    used 2562K, committed 2752K, reserved 1048576K
}
Event: 33.690 GC heap before
{Heap before GC invocations=31 (full 0):
 garbage-first heap   total 358400K, used 280576K [0x00000000a0c00000, 0x0000000100000000)
  region size 1024K, 73 young (74752K), 11 survivors (11264K)
 Metaspace       used 23675K, committed 24064K, reserved 1114112K
  class space    used 2562K, committed 2752K, reserved 1048576K
}
Event: 33.727 GC heap after
{Heap after GC invocations=32 (full 0):
 garbage-first heap   total 358400K, used 235008K [0x00000000a0c00000, 0x0000000100000000)
  region size 1024K, 10 young (10240K), 10 survivors (10240K)
 Metaspace       used 23675K, committed 24064K, reserved 1114112K
  class space    used 2562K, committed 2752K, reserved 1048576K
}
Event: 35.494 GC heap before
{Heap before GC invocations=32 (full 0):
 garbage-first heap   total 358400K, used 288256K [0x00000000a0c00000, 0x0000000100000000)
  region size 1024K, 61 young (62464K), 10 survivors (10240K)
 Metaspace       used 25392K, committed 25856K, reserved 1114112K
  class space    used 2789K, committed 3008K, reserved 1048576K
}
Event: 35.526 GC heap after
{Heap after GC invocations=33 (full 0):
 garbage-first heap   total 358400K, used 240640K [0x00000000a0c00000, 0x0000000100000000)
  region size 1024K, 8 young (8192K), 8 survivors (8192K)
 Metaspace       used 25392K, committed 25856K, reserved 1114112K
  class space    used 2789K, committed 3008K, reserved 1048576K
}
Event: 36.084 GC heap before
{Heap before GC invocations=33 (full 0):
 garbage-first heap   total 358400K, used 270336K [0x00000000a0c00000, 0x0000000100000000)
  region size 1024K, 17 young (17408K), 8 survivors (8192K)
 Metaspace       used 26293K, committed 26752K, reserved 1114112K
  class space    used 2909K, committed 3136K, reserved 1048576K
}
Event: 36.094 GC heap after
{Heap after GC invocations=34 (full 0):
 garbage-first heap   total 358400K, used 263972K [0x00000000a0c00000, 0x0000000100000000)
  region size 1024K, 2 young (2048K), 2 survivors (2048K)
 Metaspace       used 26293K, committed 26752K, reserved 1114112K
  class space    used 2909K, committed 3136K, reserved 1048576K
}
Event: 38.609 GC heap before
{Heap before GC invocations=35 (full 0):
 garbage-first heap   total 372736K, used 253732K [0x00000000a0c00000, 0x0000000100000000)
  region size 1024K, 40 young (40960K), 2 survivors (2048K)
 Metaspace       used 31007K, committed 31424K, reserved 1114112K
  class space    used 3500K, committed 3712K, reserved 1048576K
}
Event: 38.615 GC heap after
{Heap after GC invocations=36 (full 0):
 garbage-first heap   total 372736K, used 192285K [0x00000000a0c00000, 0x0000000100000000)
  region size 1024K, 3 young (3072K), 3 survivors (3072K)
 Metaspace       used 31007K, committed 31424K, reserved 1114112K
  class space    used 3500K, committed 3712K, reserved 1048576K
}
Event: 38.989 GC heap before
{Heap before GC invocations=36 (full 0):
 garbage-first heap   total 372736K, used 207645K [0x00000000a0c00000, 0x0000000100000000)
  region size 1024K, 18 young (18432K), 3 survivors (3072K)
 Metaspace       used 33310K, committed 33792K, reserved 1114112K
  class space    used 3817K, committed 4032K, reserved 1048576K
}
Event: 39.005 GC heap after
{Heap after GC invocations=37 (full 0):
 garbage-first heap   total 372736K, used 159093K [0x00000000a0c00000, 0x0000000100000000)
  region size 1024K, 2 young (2048K), 2 survivors (2048K)
 Metaspace       used 33310K, committed 33792K, reserved 1114112K
  class space    used 3817K, committed 4032K, reserved 1048576K
}
Event: 39.367 GC heap before
{Heap before GC invocations=37 (full 0):
 garbage-first heap   total 372736K, used 175477K [0x00000000a0c00000, 0x0000000100000000)
  region size 1024K, 18 young (18432K), 2 survivors (2048K)
 Metaspace       used 34973K, committed 35520K, reserved 1114112K
  class space    used 4094K, committed 4352K, reserved 1048576K
}

