<?xml version="1.0" encoding="UTF-8"?>
<testsuite xmlns:xsi="http://www.w3.org/2001/XMLSchema-instance" xsi:noNamespaceSchemaLocation="https://maven.apache.org/surefire/maven-surefire-plugin/xsd/surefire-test-report-3.0.xsd" version="3.0" name="org.planningPoker.GreetingResourceTest" time="66.152" tests="1" errors="0" skipped="0" failures="0">
  <properties>
[...]
</properties>
  <testcase name="testHelloEndpoint" classname="org.planningPoker.GreetingResourceTest" time="2.738">
    <system-out><![CDATA[2024-05-14 10:24:16,798 INFO  [org.tes.doc.DockerClientProviderStrategy] (build-134) Loaded org.testcontainers.dockerclient.NpipeSocketClientProviderStrategy from ~/.testcontainers.properties, will try it first
2024-05-14 10:24:20,390 INFO  [org.tes.doc.DockerClientProviderStrategy] (build-134) Found Docker environment with local Npipe socket (npipe:////./pipe/docker_engine)
2024-05-14 10:24:20,396 INFO  [org.tes.DockerClientFactory] (build-134) Docker host IP address is localhost
2024-05-14 10:24:20,419 INFO  [org.tes.DockerClientFactory] (build-134) Connected to docker: 
  Server Version: 26.0.0
  API Version: 1.45
  Operating System: Docker Desktop
  Total Memory: 2949 MB
2024-05-14 10:24:20,489 INFO  [org.tes.ima.PullPolicy] (build-134) Image pull policy will be performed by: DefaultPullPolicy()
2024-05-14 10:24:20,499 INFO  [org.tes.uti.ImageNameSubstitutor] (build-134) Image name substitution will be performed by: DefaultImageNameSubstitutor (composite of 'ConfigurationFileImageNameSubstitutor' and 'PrefixingImageNameSubstitutor')
2024-05-14 10:24:20,524 INFO  [org.tes.DockerClientFactory] (build-134) Checking the system...
2024-05-14 10:24:20,526 INFO  [org.tes.DockerClientFactory] (build-134) ?? Docker server version should be at least 1.6.0
2024-05-14 10:24:20,839 INFO  [tc.doc.io/.4] (build-134) Creating container for image: docker.io/mongo:4.4
2024-05-14 10:24:22,162 INFO  [org.tes.uti.RegistryAuthLocator] (build-134) Credential helper/store (docker-credential-desktop) does not have credentials for docker.io
2024-05-14 10:24:22,185 INFO  [tc.tes.6.0] (build-134) Creating container for image: testcontainers/ryuk:0.6.0
2024-05-14 10:24:22,322 INFO  [org.tes.uti.RegistryAuthLocator] (build-134) Credential helper/store (docker-credential-desktop) does not have credentials for https://index.docker.io/v1/
2024-05-14 10:24:23,058 INFO  [tc.tes.6.0] (build-134) Container testcontainers/ryuk:0.6.0 is starting: 81bec6605418ab03ae69baca3edc4178917f3ee0daac686ce2ae806d88832b0d
2024-05-14 10:24:24,249 INFO  [tc.tes.6.0] (build-134) Container testcontainers/ryuk:0.6.0 started in PT2.0639044S
2024-05-14 10:24:24,459 INFO  [tc.doc.io/.4] (build-134) Container docker.io/mongo:4.4 is starting: 7ceb5407ea7582d04f603b075320860004851b12076b3ad26714bfb941667d86
2024-05-14 10:24:27,085 INFO  [tc.doc.io/.4] (build-134) Container docker.io/mongo:4.4 started in PT6.2464274S
2024-05-14 10:24:31,060 INFO  [io.quarkus] (main) planningpoker 1.0.0-SNAPSHOT on JVM (powered by Quarkus 3.10.0) started in 37.400s. Listening on: http://localhost:8081
2024-05-14 10:24:31,072 INFO  [io.quarkus] (main) Profile test activated. 
2024-05-14 10:24:31,073 INFO  [io.quarkus] (main) Installed features: [cdi, mongodb-client, resteasy, resteasy-jsonb, security, smallrye-context-propagation, smallrye-jwt, smallrye-openapi, swagger-ui, vertx]
]]></system-out>
  </testcase>
</testsuite>